Added Component: Designator=U19(MSM381)
Add component. Clean all parameters for all variants
Add component (AddParameter): Name = "CODE12"; Value = "ES41.18.08.00.00.00"; VariantName = "[No Variations]"
Add component (AddParameter): Name = "Part Number"; Value = "ES41180800000000"; VariantName = "[No Variations]"
Add component (AddParameter): Name = "Part Type"; Value = "MICs"; VariantName = "[No Variations]"
Added Component: Designator=U20(MSM381)
Add component. Clean all parameters for all variants
Add component (AddParameter): Name = "CODE12"; Value = "ES41.18.08.00.00.00"; VariantName = "[No Variations]"
Add component (AddParameter): Name = "Part Number"; Value = "ES41180800000000"; VariantName = "[No Variations]"
Add component (AddParameter): Name = "Part Type"; Value = "MICs"; VariantName = "[No Variations]"
Added Pin To Net: NetName=NetC48_1 Pin=U19-1
Added Pin To Net: NetName=NetR34_1 Pin=U19-2
Added Pin To Net: NetName=NetR34_1 Pin=U19-3
Added Pin To Net: NetName=NetC52_1 Pin=U19-4
Added Pin To Net: NetName=NetC47_1 Pin=U20-1
Added Pin To Net: NetName=NetR35_1 Pin=U20-2
Added Pin To Net: NetName=NetR35_1 Pin=U20-3
Added Pin To Net: NetName=NetC51_1 Pin=U20-4
Added Member To Class: ClassName=03_ADC Member=Component U19 MSM381A3729H9BPC
Added Member To Class: ClassName=03_ADC Member=Component U20 MSM381A3729H9BPC
Added Room: Name=01_Power
Added Room: Name=02_Module
Added Room: Name=03_ADC
Added Room: Name=05_interface
