Removed Pin From Net: NetName=USB_5V Pin=C8-1
Removed Pin From Net: NetName=GND Pin=C8-2
Removed Pin From Net: NetName=USB_5V Pin=C9-1
Removed Pin From Net: NetName=GND Pin=C9-2
Removed Pin From Net: NetName=GND Pin=C10-2
Removed Pin From Net: NetName=GND Pin=C11-2
Removed Pin From Net: NetName=USB_5V Pin=R6-1
Removed Pin From Net: NetName=GND Pin=R8-2
Removed Pin From Net: NetName=GND Pin=U2-2
Removed Pin From Net: NetName=USB_5V Pin=U2-4
Removed Member From Class: ClassName=01_Power Member=C7
Removed Member From Class: ClassName=01_Power Member=C8
Removed Member From Class: ClassName=01_Power Member=C9
Removed Member From Class: ClassName=01_Power Member=C10
Removed Member From Class: ClassName=01_Power Member=C11
Removed Member From Class: ClassName=01_Power Member=L2
Removed Member From Class: ClassName=01_Power Member=R6
Removed Member From Class: ClassName=01_Power Member=R7
Removed Member From Class: ClassName=01_Power Member=R8
Removed Member From Class: ClassName=01_Power Member=TP3
Removed Member From Class: ClassName=01_Power Member=U2
Added Pin To Net: NetName=MCU_VDD Pin=U7-1
Added Pin To Net: NetName=MCU_VDD Pin=U8-1
Added Pin To Net: NetName=MCU_VDD Pin=U12-1
Added Pin To Net: NetName=MCU_VDD Pin=U13-1
Added Pin To Net: NetName=MCU_VDD Pin=U15-1
Added Pin To Net: NetName=MCU_VDD Pin=U18-1
Added Room: Name=03_ADC
