Added Component: Designator=U4(ESP32-S3-WROOM-1)
Add component. Clean all parameters for all variants
Added Pin To Net: NetName=GND Pin=U4-1
Added Pin To Net: NetName=ESP_3V3 Pin=U4-2
Added Pin To Net: NetName=MCU_RST Pin=U4-3
Added Pin To Net: NetName=GPIO4 Pin=U4-4
Added Pin To Net: NetName=GPIO5 Pin=U4-5
Added Pin To Net: NetName=GPIO6 Pin=U4-6
Added Pin To Net: NetName=GPIO7 Pin=U4-7
Added Pin To Net: NetName=GPIO15 Pin=U4-8
Added Pin To Net: NetName=GPIO16 Pin=U4-9
Added Pin To Net: NetName=GPIO17 Pin=U4-10
Added Pin To Net: NetName=GPIO18 Pin=U4-11
Added Pin To Net: NetName=GPIO8 Pin=U4-12
Added Pin To Net: NetName=GPIO19 Pin=U4-13
Added Pin To Net: NetName=GPIO20 Pin=U4-14
Added Pin To Net: NetName=GPIO3 Pin=U4-15
Added Pin To Net: NetName=GPIO46 Pin=U4-16
Added Pin To Net: NetName=GPIO9 Pin=U4-17
Added Pin To Net: NetName=GPIO10 Pin=U4-18
Added Pin To Net: NetName=GPIO11 Pin=U4-19
Added Pin To Net: NetName=GPIO12 Pin=U4-20
Added Pin To Net: NetName=GPIO13 Pin=U4-21
Added Pin To Net: NetName=GPIO14 Pin=U4-22
Added Pin To Net: NetName=GPIO21 Pin=U4-23
Added Pin To Net: NetName=GPIO47 Pin=U4-24
Added Pin To Net: NetName=GPIO48 Pin=U4-25
Added Pin To Net: NetName=GPIO45 Pin=U4-26
Added Pin To Net: NetName=GPIO0 Pin=U4-27
Added Pin To Net: NetName=GPIO38 Pin=U4-31
Added Pin To Net: NetName=GPIO39 Pin=U4-32
Added Pin To Net: NetName=GPIO40 Pin=U4-33
Added Pin To Net: NetName=GPIO41 Pin=U4-34
Added Pin To Net: NetName=GPIO42 Pin=U4-35
Added Pin To Net: NetName=GPIO44 Pin=U4-36
Added Pin To Net: NetName=GPIO43 Pin=U4-37
Added Pin To Net: NetName=GPIO2 Pin=U4-38
Added Pin To Net: NetName=GPIO1 Pin=U4-39
Added Pin To Net: NetName=GND Pin=U4-40
Added Pin To Net: NetName=GND Pin=U4-41
Added Pin To Net: NetName=GND Pin=U4-41
Added Pin To Net: NetName=GND Pin=U4-41
Added Pin To Net: NetName=GND Pin=U4-41
Added Pin To Net: NetName=GND Pin=U4-41
Added Pin To Net: NetName=GND Pin=U4-41
Added Pin To Net: NetName=GND Pin=U4-41
Added Pin To Net: NetName=GND Pin=U4-41
Added Pin To Net: NetName=GND Pin=U4-41
Added Member To Class: ClassName=03_Module Member=Component U4 ESP32-S3-WROOM-1
