Removed Pin From Net: NetName=GPIO16 Pin=R26-1
Removed Pin From Net: NetName=GPIO16 Pin=R27-1
Added Component: Designator=C7(0201_C)
Add component. Clean all parameters for all variants
Add component (AddParameter): Name = "CODE12"; Value = "ES11.02.510.3.6.1.00"; VariantName = "[No Variations]"
Add component (AddParameter): Name = "Part Number"; Value = "ES11025103610001"; VariantName = "[No Variations]"
Add component (AddParameter): Name = "Part Type"; Value = "Capacitor"; VariantName = "[No Variations]"
Added Component: Designator=R6(0201_R)
Add component. Clean all parameters for all variants
Add component (AddParameter): Name = "CODE12"; Value = "ES21.02.0000.0.00.0"; VariantName = "[No Variations]"
Add component (AddParameter): Name = "Part Number"; Value = "ES21020000000001"; VariantName = "[No Variations]"
Add component (AddParameter): Name = "Part Type"; Value = "Resistor"; VariantName = "[No Variations]"
Added Component: Designator=R7(0402_R)
Add component. Clean all parameters for all variants
Add component (AddParameter): Name = "CODE12"; Value = "ES21.04.0000.0.00.0"; VariantName = "[No Variations]"
Add component (AddParameter): Name = "Part Number"; Value = "ES21040000000001"; VariantName = "[No Variations]"
Add component (AddParameter): Name = "Part Type"; Value = "Resistor"; VariantName = "[No Variations]"
Added Component: Designator=R8(0201_R)
Add component. Clean all parameters for all variants
Add component (AddParameter): Name = "CODE12"; Value = "ES21.02.4100.0.00.0"; VariantName = "[No Variations]"
Add component (AddParameter): Name = "Part Number"; Value = "ES21024100000001"; VariantName = "[No Variations]"
Add component (AddParameter): Name = "Part Type"; Value = "Resistor"; VariantName = "[No Variations]"
Added Component: Designator=R21(0201_R)
Add component. Clean all parameters for all variants
Add component (AddParameter): Name = "CODE12"; Value = "ES21.02.4100.0.00.0"; VariantName = "[No Variations]"
Add component (AddParameter): Name = "Part Number"; Value = "ES21024100000001"; VariantName = "[No Variations]"
Add component (AddParameter): Name = "Part Type"; Value = "Resistor"; VariantName = "[No Variations]"
Added Component: Designator=U2(SC-70-5)
Add component. Clean all parameters for all variants
Added Pin To Net: NetName=Aud_VDD Pin=C7-1
Added Pin To Net: NetName=GND Pin=C7-2
Added Pin To Net: NetName=GPIO1 Pin=R7-2
Added Pin To Net: NetName=Aud_VDD Pin=R8-1
Added Pin To Net: NetName=GND Pin=R21-1
Added Pin To Net: NetName=GND Pin=U2-3
Added Pin To Net: NetName=GPIO16 Pin=U2-4
Added Pin To Net: NetName=Aud_VDD Pin=U2-5
Added Pin To Net: NetName=ADC_SDOUT_BUF Pin=R26-1
Added Pin To Net: NetName=ADC_SDOUT_BUF Pin=R27-1
Added Pin To Net: NetName=ADC_SDOUT_BUF Pin=U2-2
Added Net: Name=ADC_SDOUT_BUF
Added Pin To Net: NetName=MUTE_DATA Pin=R6-1
Added Pin To Net: NetName=MUTE_DATA Pin=R7-1
Added Net: Name=MUTE_DATA
Added Pin To Net: NetName=NetR6_2 Pin=R6-2
Added Pin To Net: NetName=NetR6_2 Pin=R8-2
Added Pin To Net: NetName=NetR6_2 Pin=R21-2
Added Pin To Net: NetName=NetR6_2 Pin=U2-1
Added Net: Name=NetR6_2
Added Member To Class: ClassName=03_ADC Member=Component C7 0.1uF/10V(10%)
Added Member To Class: ClassName=03_ADC Member=Component R6 0(1%)
Added Member To Class: ClassName=03_ADC Member=Component R7 0(1%)
Added Member To Class: ClassName=03_ADC Member=Component R8 10K(1%)
Added Member To Class: ClassName=03_ADC Member=Component R21 10K(1%)(NC)
Added Member To Class: ClassName=03_ADC Member=Component U2 SN74LVC1G126
